------------------------------------------------------------------------------------------------------------------------

[2019-12-23 15:09:39 #1 store] 
Database 'C:\Users\Huber\OneDrive\Pulpit\TO_Hubert_Wasik_ObiektowaBazaDanych\src\db\bazaDanychGabinetu.odb' has been recovered (tr. 21-24)

[2019-12-23 15:09:39 #2 store] 
Database 'C:\Users\Huber\OneDrive\Pulpit\TO_Hubert_Wasik_ObiektowaBazaDanych\src\db\bazaDanychGabinetu.odb' is opened by 13196@DESKTOP-KA8D7DP

[2019-12-23 15:09:39 #3 store] 
Configuration path: ?

[2019-12-23 15:09:39 #4 type] 
Type pliki_java.Kontakt is not enhanced.

[2019-12-23 15:09:39 #5 type] 
Type pliki_java.Uzytkownik is not enhanced.

[2019-12-23 15:09:39 #6 type] 
Type pliki_java.Klient is not enhanced.

[2019-12-23 15:09:39 #7 type] 
Type pliki_java.Ksiazeczka_Zdrowia is not enhanced.

[2019-12-23 15:09:39 #8 type] 
Type pliki_java.Pracownik is not enhanced.

[2019-12-23 15:09:39 #9 type] 
Type pliki_java.Usluga is not enhanced.

[2019-12-23 15:09:39 #10 type] 
Type pliki_java.Wizyta is not enhanced.

------------------------------------------------------------------------------------------------------------------------

[2019-12-23 15:11:40 #1 store] 
Database 'C:\Users\Huber\OneDrive\Pulpit\TO_Hubert_Wasik_ObiektowaBazaDanych\src\db\bazaDanychGabinetu.odb' has been recovered (tr. 25-26)

[2019-12-23 15:11:40 #2 store] 
Database 'C:\Users\Huber\OneDrive\Pulpit\TO_Hubert_Wasik_ObiektowaBazaDanych\src\db\bazaDanychGabinetu.odb' is opened by 10688@DESKTOP-KA8D7DP

[2019-12-23 15:11:40 #3 store] 
Configuration path: ?

[2019-12-23 15:11:40 #4 type] 
Type pliki_java.Kontakt is not enhanced.

[2019-12-23 15:11:40 #5 type] 
Type pliki_java.Uzytkownik is not enhanced.

[2019-12-23 15:11:40 #6 type] 
Type pliki_java.Klient is not enhanced.

[2019-12-23 15:11:40 #7 type] 
Type pliki_java.Ksiazeczka_Zdrowia is not enhanced.

[2019-12-23 15:11:40 #8 type] 
Type pliki_java.Pracownik is not enhanced.

[2019-12-23 15:11:40 #9 type] 
Type pliki_java.Usluga is not enhanced.

[2019-12-23 15:11:40 #10 type] 
Type pliki_java.Wizyta is not enhanced.

------------------------------------------------------------------------------------------------------------------------

[2019-12-23 15:12:28 #1 store] 
Database 'C:\Users\Huber\OneDrive\Pulpit\TO_Hubert_Wasik_ObiektowaBazaDanych\src\db\bazaDanychGabinetu.odb' is opened by 888@DESKTOP-KA8D7DP

[2019-12-23 15:12:28 #2 store] 
Configuration path: ?

[2019-12-23 15:12:28 #3 type] 
Type pliki_java.Kontakt is not enhanced.

[2019-12-23 15:12:28 #4 type] 
Type pliki_java.Uzytkownik is not enhanced.

[2019-12-23 15:12:28 #5 type] 
Type pliki_java.Klient is not enhanced.

[2019-12-23 15:12:28 #6 type] 
Type pliki_java.Ksiazeczka_Zdrowia is not enhanced.

[2019-12-23 15:12:28 #7 type] 
Type pliki_java.Pracownik is not enhanced.

[2019-12-23 15:12:28 #8 type] 
Type pliki_java.Usluga is not enhanced.

[2019-12-23 15:12:28 #9 type] 
Type pliki_java.Wizyta is not enhanced.

------------------------------------------------------------------------------------------------------------------------

[2019-12-23 15:14:44 #1 store] 
Database 'C:\Users\Huber\OneDrive\Pulpit\TO_Hubert_Wasik_ObiektowaBazaDanych\src\db\bazaDanychGabinetu.odb' is opened by 10024@DESKTOP-KA8D7DP

[2019-12-23 15:14:44 #2 store] 
Configuration path: ?

[2019-12-23 15:14:44 #3 type] 
Type pliki_java.Kontakt is not enhanced.

[2019-12-23 15:14:44 #4 type] 
Type pliki_java.Uzytkownik is not enhanced.

[2019-12-23 15:14:44 #5 type] 
Type pliki_java.Klient is not enhanced.

[2019-12-23 15:14:44 #6 type] 
Type pliki_java.Ksiazeczka_Zdrowia is not enhanced.

[2019-12-23 15:14:44 #7 type] 
Type pliki_java.Pracownik is not enhanced.

[2019-12-23 15:14:44 #8 type] 
Type pliki_java.Usluga is not enhanced.

[2019-12-23 15:14:44 #9 type] 
Type pliki_java.Wizyta is not enhanced.

------------------------------------------------------------------------------------------------------------------------

[2019-12-23 15:15:07 #1 store] 
Database 'C:\Users\Huber\OneDrive\Pulpit\TO_Hubert_Wasik_ObiektowaBazaDanych\src\db\bazaDanychGabinetu.odb' is opened by 20232@DESKTOP-KA8D7DP

[2019-12-23 15:15:07 #2 store] 
Configuration path: ?

[2019-12-23 15:15:07 #3 type] 
Type pliki_java.Kontakt is not enhanced.

[2019-12-23 15:15:07 #4 type] 
Type pliki_java.Uzytkownik is not enhanced.

[2019-12-23 15:15:07 #5 type] 
Type pliki_java.Klient is not enhanced.

[2019-12-23 15:15:07 #6 type] 
Type pliki_java.Ksiazeczka_Zdrowia is not enhanced.

[2019-12-23 15:15:07 #7 type] 
Type pliki_java.Pracownik is not enhanced.

[2019-12-23 15:15:07 #8 type] 
Type pliki_java.Usluga is not enhanced.

[2019-12-23 15:15:07 #9 type] 
Type pliki_java.Wizyta is not enhanced.

------------------------------------------------------------------------------------------------------------------------

[2019-12-23 15:24:49 #1 store] 
Database 'C:\Users\Huber\OneDrive\Pulpit\TO_Hubert_Wasik_ObiektowaBazaDanych\src\db\bazaDanychGabinetu.odb' is opened by 24752@DESKTOP-KA8D7DP

[2019-12-23 15:24:49 #2 store] 
Configuration path: ?

[2019-12-23 15:24:49 #3 type] 
Type pliki_java.Kontakt is not enhanced.

[2019-12-23 15:24:49 #4 type] 
Type pliki_java.Uzytkownik is not enhanced.

[2019-12-23 15:24:49 #5 type] 
Type pliki_java.Klient is not enhanced.

[2019-12-23 15:24:49 #6 type] 
Type pliki_java.Ksiazeczka_Zdrowia is not enhanced.

[2019-12-23 15:24:49 #7 type] 
Type pliki_java.Pracownik is not enhanced.

[2019-12-23 15:24:49 #8 type] 
Type pliki_java.Usluga is not enhanced.

[2019-12-23 15:24:49 #9 type] 
Type pliki_java.Wizyta is not enhanced.

------------------------------------------------------------------------------------------------------------------------

[2019-12-23 15:25:11 #1 store] 
Database 'C:\Users\Huber\OneDrive\Pulpit\TO_Hubert_Wasik_ObiektowaBazaDanych\src\db\bazaDanychGabinetu.odb' is opened by 9044@DESKTOP-KA8D7DP

[2019-12-23 15:25:11 #2 store] 
Configuration path: ?

[2019-12-23 15:25:11 #3 type] 
Type pliki_java.Kontakt is not enhanced.

[2019-12-23 15:25:11 #4 type] 
Type pliki_java.Uzytkownik is not enhanced.

[2019-12-23 15:25:11 #5 type] 
Type pliki_java.Klient is not enhanced.

[2019-12-23 15:25:11 #6 type] 
Type pliki_java.Ksiazeczka_Zdrowia is not enhanced.

[2019-12-23 15:25:11 #7 type] 
Type pliki_java.Pracownik is not enhanced.

[2019-12-23 15:25:11 #8 type] 
Type pliki_java.Usluga is not enhanced.

[2019-12-23 15:25:11 #9 type] 
Type pliki_java.Wizyta is not enhanced.

------------------------------------------------------------------------------------------------------------------------

[2019-12-23 15:25:40 #1 store] 
Database 'C:\Users\Huber\OneDrive\Pulpit\TO_Hubert_Wasik_ObiektowaBazaDanych\src\db\bazaDanychGabinetu.odb' is opened by 9204@DESKTOP-KA8D7DP

[2019-12-23 15:25:40 #2 store] 
Configuration path: ?

[2019-12-23 15:25:40 #3 type] 
Type pliki_java.Kontakt is not enhanced.

[2019-12-23 15:25:40 #4 type] 
Type pliki_java.Uzytkownik is not enhanced.

[2019-12-23 15:25:40 #5 type] 
Type pliki_java.Klient is not enhanced.

[2019-12-23 15:25:40 #6 type] 
Type pliki_java.Ksiazeczka_Zdrowia is not enhanced.

[2019-12-23 15:25:40 #7 type] 
Type pliki_java.Pracownik is not enhanced.

[2019-12-23 15:25:40 #8 type] 
Type pliki_java.Usluga is not enhanced.

[2019-12-23 15:25:40 #9 type] 
Type pliki_java.Wizyta is not enhanced.

------------------------------------------------------------------------------------------------------------------------

[2019-12-23 15:34:27 #1 store] 
Database 'C:\Users\Huber\OneDrive\Pulpit\TO_Hubert_Wasik_ObiektowaBazaDanych\src\db\bazaDanychGabinetu.odb' is opened by 16012@DESKTOP-KA8D7DP

[2019-12-23 15:34:27 #2 store] 
Configuration path: ?

[2019-12-23 15:34:27 #3 type] 
Type pliki_java.Kontakt is not enhanced.

[2019-12-23 15:34:27 #4 type] 
Type pliki_java.Uzytkownik is not enhanced.

[2019-12-23 15:34:27 #5 type] 
Type pliki_java.Klient is not enhanced.

[2019-12-23 15:34:27 #6 type] 
Type pliki_java.Ksiazeczka_Zdrowia is not enhanced.

[2019-12-23 15:34:27 #7 type] 
Type pliki_java.Pracownik is not enhanced.

[2019-12-23 15:34:27 #8 type] 
Type pliki_java.Usluga is not enhanced.

[2019-12-23 15:34:27 #9 type] 
Type pliki_java.Wizyta is not enhanced.

------------------------------------------------------------------------------------------------------------------------

[2019-12-23 15:35:39 #1 store] 
Database 'C:\Users\Huber\OneDrive\Pulpit\TO_Hubert_Wasik_ObiektowaBazaDanych\src\db\bazaDanychGabinetu.odb' is opened by 8212@DESKTOP-KA8D7DP

[2019-12-23 15:35:39 #2 store] 
Configuration path: ?

[2019-12-23 15:35:39 #3 type] 
Type pliki_java.Kontakt is not enhanced.

[2019-12-23 15:35:39 #4 type] 
Type pliki_java.Uzytkownik is not enhanced.

[2019-12-23 15:35:39 #5 type] 
Type pliki_java.Klient is not enhanced.

[2019-12-23 15:35:39 #6 type] 
Type pliki_java.Ksiazeczka_Zdrowia is not enhanced.

[2019-12-23 15:35:39 #7 type] 
Type pliki_java.Pracownik is not enhanced.

[2019-12-23 15:35:39 #8 type] 
Type pliki_java.Usluga is not enhanced.

[2019-12-23 15:35:39 #9 type] 
Type pliki_java.Wizyta is not enhanced.

------------------------------------------------------------------------------------------------------------------------

[2019-12-23 15:36:11 #1 store] 
Database 'C:\Users\Huber\OneDrive\Pulpit\TO_Hubert_Wasik_ObiektowaBazaDanych\src\db\bazaDanychGabinetu.odb' is opened by 19012@DESKTOP-KA8D7DP

[2019-12-23 15:36:11 #2 store] 
Configuration path: ?

[2019-12-23 15:36:11 #3 type] 
Type pliki_java.Kontakt is not enhanced.

[2019-12-23 15:36:11 #4 type] 
Type pliki_java.Uzytkownik is not enhanced.

[2019-12-23 15:36:11 #5 type] 
Type pliki_java.Klient is not enhanced.

[2019-12-23 15:36:11 #6 type] 
Type pliki_java.Ksiazeczka_Zdrowia is not enhanced.

[2019-12-23 15:36:11 #7 type] 
Type pliki_java.Pracownik is not enhanced.

[2019-12-23 15:36:11 #8 type] 
Type pliki_java.Usluga is not enhanced.

[2019-12-23 15:36:11 #9 type] 
Type pliki_java.Wizyta is not enhanced.

------------------------------------------------------------------------------------------------------------------------

[2019-12-23 15:36:44 #1 store] 
Database 'C:\Users\Huber\OneDrive\Pulpit\TO_Hubert_Wasik_ObiektowaBazaDanych\src\db\bazaDanychGabinetu.odb' is opened by 13024@DESKTOP-KA8D7DP

[2019-12-23 15:36:44 #2 store] 
Configuration path: ?

[2019-12-23 15:36:44 #3 type] 
Type pliki_java.Kontakt is not enhanced.

[2019-12-23 15:36:44 #4 type] 
Type pliki_java.Uzytkownik is not enhanced.

[2019-12-23 15:36:44 #5 type] 
Type pliki_java.Klient is not enhanced.

[2019-12-23 15:36:44 #6 type] 
Type pliki_java.Ksiazeczka_Zdrowia is not enhanced.

[2019-12-23 15:36:44 #7 type] 
Type pliki_java.Pracownik is not enhanced.

[2019-12-23 15:36:44 #8 type] 
Type pliki_java.Usluga is not enhanced.

[2019-12-23 15:36:44 #9 type] 
Type pliki_java.Wizyta is not enhanced.

------------------------------------------------------------------------------------------------------------------------

[2019-12-23 15:38:23 #1 store] 
Database 'C:\Users\Huber\OneDrive\Pulpit\TO_Hubert_Wasik_ObiektowaBazaDanych\src\db\bazaDanychGabinetu.odb' is opened by 2640@DESKTOP-KA8D7DP

[2019-12-23 15:38:23 #2 store] 
Configuration path: ?

[2019-12-23 15:38:23 #3 type] 
Type pliki_java.Kontakt is not enhanced.

[2019-12-23 15:38:23 #4 type] 
Type pliki_java.Uzytkownik is not enhanced.

[2019-12-23 15:38:23 #5 type] 
Type pliki_java.Klient is not enhanced.

[2019-12-23 15:38:23 #6 type] 
Type pliki_java.Ksiazeczka_Zdrowia is not enhanced.

[2019-12-23 15:38:23 #7 type] 
Type pliki_java.Pracownik is not enhanced.

[2019-12-23 15:38:23 #8 type] 
Type pliki_java.Usluga is not enhanced.

[2019-12-23 15:38:23 #9 type] 
Type pliki_java.Wizyta is not enhanced.

------------------------------------------------------------------------------------------------------------------------

[2019-12-23 15:50:03 #1 store] 
Database 'C:\Users\Huber\OneDrive\Pulpit\TO_Hubert_Wasik_ObiektowaBazaDanych\src\db\bazaDanychGabinetu.odb' is opened by 14376@DESKTOP-KA8D7DP

[2019-12-23 15:50:03 #2 store] 
Configuration path: ?

[2019-12-23 15:50:03 #3 type] 
Type pliki_java.Kontakt is not enhanced.

[2019-12-23 15:50:03 #4 type] 
Type pliki_java.Uzytkownik is not enhanced.

[2019-12-23 15:50:03 #5 type] 
Type pliki_java.Klient is not enhanced.

[2019-12-23 15:50:03 #6 type] 
Type pliki_java.Ksiazeczka_Zdrowia is not enhanced.

[2019-12-23 15:50:03 #7 type] 
Type pliki_java.Pracownik is not enhanced.

[2019-12-23 15:50:03 #8 type] 
Type pliki_java.Usluga is not enhanced.

[2019-12-23 15:50:03 #9 type] 
Type pliki_java.Wizyta is not enhanced.

------------------------------------------------------------------------------------------------------------------------

[2019-12-23 15:51:13 #1 store] 
Database 'C:\Users\Huber\OneDrive\Pulpit\TO_Hubert_Wasik_ObiektowaBazaDanych\src\db\bazaDanychGabinetu.odb' is opened by 5244@DESKTOP-KA8D7DP

[2019-12-23 15:51:13 #2 store] 
Configuration path: ?

[2019-12-23 15:51:13 #3 type] 
Type pliki_java.Kontakt is not enhanced.

[2019-12-23 15:51:13 #4 type] 
Type pliki_java.Uzytkownik is not enhanced.

[2019-12-23 15:51:13 #5 type] 
Type pliki_java.Klient is not enhanced.

[2019-12-23 15:51:13 #6 type] 
Type pliki_java.Ksiazeczka_Zdrowia is not enhanced.

[2019-12-23 15:51:13 #7 type] 
Type pliki_java.Pracownik is not enhanced.

[2019-12-23 15:51:13 #8 type] 
Type pliki_java.Usluga is not enhanced.

[2019-12-23 15:51:13 #9 type] 
Type pliki_java.Wizyta is not enhanced.

------------------------------------------------------------------------------------------------------------------------

[2019-12-23 15:52:55 #1 store] 
Database 'C:\Users\Huber\OneDrive\Pulpit\TO_Hubert_Wasik_ObiektowaBazaDanych\src\db\bazaDanychGabinetu.odb' has been recovered (tr. 27-28)

[2019-12-23 15:52:55 #2 store] 
Database 'C:\Users\Huber\OneDrive\Pulpit\TO_Hubert_Wasik_ObiektowaBazaDanych\src\db\bazaDanychGabinetu.odb' is opened by 13416@DESKTOP-KA8D7DP

[2019-12-23 15:52:55 #3 store] 
Configuration path: ?

[2019-12-23 15:52:55 #4 type] 
Type pliki_java.Kontakt is not enhanced.

[2019-12-23 15:52:55 #5 type] 
Type pliki_java.Uzytkownik is not enhanced.

[2019-12-23 15:52:55 #6 type] 
Type pliki_java.Klient is not enhanced.

[2019-12-23 15:52:55 #7 type] 
Type pliki_java.Ksiazeczka_Zdrowia is not enhanced.

[2019-12-23 15:52:55 #8 type] 
Type pliki_java.Pracownik is not enhanced.

[2019-12-23 15:52:55 #9 type] 
Type pliki_java.Usluga is not enhanced.

[2019-12-23 15:52:55 #10 type] 
Type pliki_java.Wizyta is not enhanced.

------------------------------------------------------------------------------------------------------------------------

[2019-12-23 15:53:34 #1 store] 
Database 'C:\Users\Huber\OneDrive\Pulpit\TO_Hubert_Wasik_ObiektowaBazaDanych\src\db\bazaDanychGabinetu.odb' has been recovered (tr. 29-30)

[2019-12-23 15:53:35 #2 store] 
Database 'C:\Users\Huber\OneDrive\Pulpit\TO_Hubert_Wasik_ObiektowaBazaDanych\src\db\bazaDanychGabinetu.odb' is opened by 18864@DESKTOP-KA8D7DP

[2019-12-23 15:53:35 #3 store] 
Configuration path: ?

[2019-12-23 15:53:35 #4 type] 
Type pliki_java.Kontakt is not enhanced.

[2019-12-23 15:53:35 #5 type] 
Type pliki_java.Uzytkownik is not enhanced.

[2019-12-23 15:53:35 #6 type] 
Type pliki_java.Klient is not enhanced.

[2019-12-23 15:53:35 #7 type] 
Type pliki_java.Ksiazeczka_Zdrowia is not enhanced.

[2019-12-23 15:53:35 #8 type] 
Type pliki_java.Pracownik is not enhanced.

[2019-12-23 15:53:35 #9 type] 
Type pliki_java.Usluga is not enhanced.

[2019-12-23 15:53:35 #10 type] 
Type pliki_java.Wizyta is not enhanced.

------------------------------------------------------------------------------------------------------------------------

[2019-12-23 15:57:20 #1 store] 
Database 'C:\Users\Huber\OneDrive\Pulpit\TO_Hubert_Wasik_ObiektowaBazaDanych\src\db\bazaDanychGabinetu.odb' has been recovered (tr. 31-31)

[2019-12-23 15:57:20 #2 store] 
Database 'C:\Users\Huber\OneDrive\Pulpit\TO_Hubert_Wasik_ObiektowaBazaDanych\src\db\bazaDanychGabinetu.odb' is opened by 14680@DESKTOP-KA8D7DP

[2019-12-23 15:57:20 #3 store] 
Configuration path: ?

[2019-12-23 15:57:20 #4 type] 
Type pliki_java.Kontakt is not enhanced.

[2019-12-23 15:57:20 #5 type] 
Type pliki_java.Uzytkownik is not enhanced.

[2019-12-23 15:57:20 #6 type] 
Type pliki_java.Klient is not enhanced.

[2019-12-23 15:57:20 #7 type] 
Type pliki_java.Ksiazeczka_Zdrowia is not enhanced.

[2019-12-23 15:57:20 #8 type] 
Type pliki_java.Pracownik is not enhanced.

[2019-12-23 15:57:20 #9 type] 
Type pliki_java.Usluga is not enhanced.

[2019-12-23 15:57:20 #10 type] 
Type pliki_java.Wizyta is not enhanced.

------------------------------------------------------------------------------------------------------------------------

[2019-12-23 16:18:40 #1 store] 
Database 'C:\Users\Huber\OneDrive\Pulpit\TO_Hubert_Wasik_ObiektowaBazaDanych\src\db\bazaDanychGabinetu.odb' has been recovered (tr. 32-33)

[2019-12-23 16:18:40 #2 store] 
Database 'C:\Users\Huber\OneDrive\Pulpit\TO_Hubert_Wasik_ObiektowaBazaDanych\src\db\bazaDanychGabinetu.odb' is opened by 11860@DESKTOP-KA8D7DP

[2019-12-23 16:18:40 #3 store] 
Configuration path: ?

[2019-12-23 16:18:40 #4 type] 
Type pliki_java.Kontakt is not enhanced.

[2019-12-23 16:18:40 #5 type] 
Type pliki_java.Uzytkownik is not enhanced.

[2019-12-23 16:18:40 #6 type] 
Type pliki_java.Klient is not enhanced.

[2019-12-23 16:18:40 #7 type] 
Type pliki_java.Ksiazeczka_Zdrowia is not enhanced.

[2019-12-23 16:18:40 #8 type] 
Type pliki_java.Pracownik is not enhanced.

[2019-12-23 16:18:40 #9 type] 
Type pliki_java.Usluga is not enhanced.

[2019-12-23 16:18:40 #10 type] 
Type pliki_java.Wizyta is not enhanced.

------------------------------------------------------------------------------------------------------------------------

[2019-12-23 16:21:51 #1 store] 
Database 'C:\Users\Huber\OneDrive\Pulpit\TO_Hubert_Wasik_ObiektowaBazaDanych\src\db\bazaDanychGabinetu.odb' is opened by 15440@DESKTOP-KA8D7DP

[2019-12-23 16:21:51 #2 store] 
Configuration path: ?

[2019-12-23 16:21:51 #3 type] 
Type pliki_java.Kontakt is not enhanced.

[2019-12-23 16:21:51 #4 type] 
Type pliki_java.Uzytkownik is not enhanced.

[2019-12-23 16:21:51 #5 type] 
Type pliki_java.Klient is not enhanced.

[2019-12-23 16:21:51 #6 type] 
Type pliki_java.Ksiazeczka_Zdrowia is not enhanced.

[2019-12-23 16:21:51 #7 type] 
Type pliki_java.Pracownik is not enhanced.

[2019-12-23 16:21:51 #8 type] 
Type pliki_java.Usluga is not enhanced.

[2019-12-23 16:21:51 #9 type] 
Type pliki_java.Wizyta is not enhanced.

