------------------------------------------------------------------------------------------------------------------------

[2019-12-18 21:18:12 #1 store] 
Database 'C:\Users\Huber\Desktop\TO_Hubert_Wasik_ObiektowaBazaDanych\src\db\bazaDanychGabinetu.odb' is opened by 13000@DESKTOP-JITKCKO

[2019-12-18 21:18:12 #2 store] 
Configuration path: ?

[2019-12-18 21:18:13 #3 type.registry] 
New type pliki_java.Kontakt

[2019-12-18 21:18:13 #4 type] 
Type pliki_java.Kontakt is not enhanced.

[2019-12-18 21:18:13 #5 type.registry] 
New type pliki_java.Klient

[2019-12-18 21:18:13 #6 type] 
Type pliki_java.Klient is not enhanced.

[2019-12-18 21:18:13 #7 type.registry] 
New type pliki_java.Uzytkownik

[2019-12-18 21:18:13 #8 type.registry] 
New type pliki_java.Klient$StatusKlienta

------------------------------------------------------------------------------------------------------------------------

[2019-12-18 21:18:27 #1 store] 
Database 'C:\Users\Huber\Desktop\TO_Hubert_Wasik_ObiektowaBazaDanych\src\db\bazaDanychGabinetu.odb' has been recovered (tr. 1-4)

[2019-12-18 21:18:27 #2 store] 
Database 'C:\Users\Huber\Desktop\TO_Hubert_Wasik_ObiektowaBazaDanych\src\db\bazaDanychGabinetu.odb' is opened by 12164@DESKTOP-JITKCKO

[2019-12-18 21:18:27 #3 store] 
Configuration path: ?

[2019-12-18 21:18:27 #4 type] 
Type pliki_java.Kontakt is not enhanced.

[2019-12-18 21:18:27 #5 type] 
Type pliki_java.Klient is not enhanced.

------------------------------------------------------------------------------------------------------------------------

[2019-12-18 21:19:46 #1 store] 
Database 'C:\Users\Huber\Desktop\TO_Hubert_Wasik_ObiektowaBazaDanych\src\db\bazaDanychGabinetu.odb' is opened by 25876@DESKTOP-JITKCKO

[2019-12-18 21:19:46 #2 store] 
Configuration path: ?

[2019-12-18 21:19:46 #3 type.registry] 
New type pliki_java.Kontakt

[2019-12-18 21:19:46 #4 type] 
Type pliki_java.Kontakt is not enhanced.

[2019-12-18 21:19:46 #5 type.registry] 
New type pliki_java.Uzytkownik

[2019-12-18 21:19:46 #6 type.registry] 
New type pliki_java.Klient

[2019-12-18 21:19:46 #7 type] 
Type pliki_java.Uzytkownik is not enhanced.

[2019-12-18 21:19:46 #8 type] 
Type pliki_java.Klient is not enhanced.

[2019-12-18 21:19:46 #9 type.registry] 
New type pliki_java.Klient$StatusKlienta

------------------------------------------------------------------------------------------------------------------------

[2019-12-18 21:27:47 #1 store] 
Database 'C:\Users\Huber\Desktop\TO_Hubert_Wasik_ObiektowaBazaDanych\src\db\bazaDanychGabinetu.odb' has been recovered (tr. 1-5)

[2019-12-18 21:27:47 #2 store] 
Database 'C:\Users\Huber\Desktop\TO_Hubert_Wasik_ObiektowaBazaDanych\src\db\bazaDanychGabinetu.odb' is opened by 23416@DESKTOP-JITKCKO

[2019-12-18 21:27:47 #3 store] 
Configuration path: ?

[2019-12-18 21:27:47 #4 type] 
Type pliki_java.Kontakt is not enhanced.

[2019-12-18 21:27:47 #5 type] 
Type pliki_java.Uzytkownik is not enhanced.

[2019-12-18 21:27:47 #6 type] 
Type pliki_java.Klient is not enhanced.

------------------------------------------------------------------------------------------------------------------------

[2019-12-18 21:29:12 #1 store] 
Database 'C:\Users\Huber\Desktop\TO_Hubert_Wasik_ObiektowaBazaDanych\src\db\bazaDanychGabinetu.odb' is opened by 16624@DESKTOP-JITKCKO

[2019-12-18 21:29:12 #2 store] 
Configuration path: ?

[2019-12-18 21:29:12 #3 type] 
Type pliki_java.Kontakt is not enhanced.

[2019-12-18 21:29:12 #4 type] 
Type pliki_java.Uzytkownik is not enhanced.

[2019-12-18 21:29:12 #5 type] 
Type pliki_java.Klient is not enhanced.

------------------------------------------------------------------------------------------------------------------------

[2019-12-18 21:36:20 #1 store] 
Database 'C:\Users\Huber\Desktop\TO_Hubert_Wasik_ObiektowaBazaDanych\src\db\bazaDanychGabinetu.odb' is opened by 8520@DESKTOP-JITKCKO

[2019-12-18 21:36:20 #2 store] 
Configuration path: ?

[2019-12-18 21:36:20 #3 type] 
Type pliki_java.Kontakt is not enhanced.

[2019-12-18 21:36:20 #4 type] 
Type pliki_java.Uzytkownik is not enhanced.

[2019-12-18 21:36:20 #5 type] 
Type pliki_java.Klient is not enhanced.

------------------------------------------------------------------------------------------------------------------------

[2019-12-18 21:36:44 #1 store] 
Database 'C:\Users\Huber\Desktop\TO_Hubert_Wasik_ObiektowaBazaDanych\src\db\bazaDanychGabinetu.odb' is opened by 4656@DESKTOP-JITKCKO

[2019-12-18 21:36:44 #2 store] 
Configuration path: ?

[2019-12-18 21:36:44 #3 type] 
Type pliki_java.Kontakt is not enhanced.

[2019-12-18 21:36:44 #4 type] 
Type pliki_java.Uzytkownik is not enhanced.

[2019-12-18 21:36:44 #5 type] 
Type pliki_java.Klient is not enhanced.

------------------------------------------------------------------------------------------------------------------------

[2019-12-18 21:37:02 #1 store] 
Database 'C:\Users\Huber\Desktop\TO_Hubert_Wasik_ObiektowaBazaDanych\src\db\bazaDanychGabinetu.odb' is opened by 23804@DESKTOP-JITKCKO

[2019-12-18 21:37:02 #2 store] 
Configuration path: ?

[2019-12-18 21:37:02 #3 type] 
Type pliki_java.Kontakt is not enhanced.

[2019-12-18 21:37:02 #4 type] 
Type pliki_java.Uzytkownik is not enhanced.

[2019-12-18 21:37:02 #5 type] 
Type pliki_java.Klient is not enhanced.

------------------------------------------------------------------------------------------------------------------------

[2019-12-18 21:37:40 #1 store] 
Database 'C:\Users\Huber\Desktop\TO_Hubert_Wasik_ObiektowaBazaDanych\src\db\bazaDanychGabinetu.odb' is opened by 18644@DESKTOP-JITKCKO

[2019-12-18 21:37:40 #2 store] 
Configuration path: ?

[2019-12-18 21:37:40 #3 type] 
Type pliki_java.Kontakt is not enhanced.

[2019-12-18 21:37:40 #4 type] 
Type pliki_java.Uzytkownik is not enhanced.

[2019-12-18 21:37:40 #5 type] 
Type pliki_java.Klient is not enhanced.

------------------------------------------------------------------------------------------------------------------------

[2019-12-18 21:38:42 #1 store] 
Database 'C:\Users\Huber\Desktop\TO_Hubert_Wasik_ObiektowaBazaDanych\src\db\bazaDanychGabinetu.odb' is opened by 10152@DESKTOP-JITKCKO

[2019-12-18 21:38:42 #2 store] 
Configuration path: ?

[2019-12-18 21:38:42 #3 type] 
Type pliki_java.Kontakt is not enhanced.

[2019-12-18 21:38:42 #4 type] 
Type pliki_java.Uzytkownik is not enhanced.

[2019-12-18 21:38:42 #5 type] 
Type pliki_java.Klient is not enhanced.

------------------------------------------------------------------------------------------------------------------------

[2019-12-18 21:39:15 #1 store] 
Database 'C:\Users\Huber\Desktop\TO_Hubert_Wasik_ObiektowaBazaDanych\src\db\bazaDanychGabinetu.odb' is opened by 18504@DESKTOP-JITKCKO

[2019-12-18 21:39:15 #2 store] 
Configuration path: ?

[2019-12-18 21:39:15 #3 type] 
Type pliki_java.Kontakt is not enhanced.

[2019-12-18 21:39:15 #4 type] 
Type pliki_java.Uzytkownik is not enhanced.

[2019-12-18 21:39:15 #5 type] 
Type pliki_java.Klient is not enhanced.

------------------------------------------------------------------------------------------------------------------------

[2019-12-18 21:39:28 #1 store] 
Database 'C:\Users\Huber\Desktop\TO_Hubert_Wasik_ObiektowaBazaDanych\src\db\bazaDanychGabinetu.odb' is opened by 15176@DESKTOP-JITKCKO

[2019-12-18 21:39:28 #2 store] 
Configuration path: ?

[2019-12-18 21:39:28 #3 type] 
Type pliki_java.Kontakt is not enhanced.

[2019-12-18 21:39:28 #4 type] 
Type pliki_java.Uzytkownik is not enhanced.

[2019-12-18 21:39:28 #5 type] 
Type pliki_java.Klient is not enhanced.

------------------------------------------------------------------------------------------------------------------------

[2019-12-18 21:39:48 #1 store] 
Database 'C:\Users\Huber\Desktop\TO_Hubert_Wasik_ObiektowaBazaDanych\src\db\bazaDanychGabinetu.odb' is opened by 4488@DESKTOP-JITKCKO

[2019-12-18 21:39:48 #2 store] 
Configuration path: ?

[2019-12-18 21:39:48 #3 type] 
Type pliki_java.Kontakt is not enhanced.

[2019-12-18 21:39:48 #4 type] 
Type pliki_java.Uzytkownik is not enhanced.

[2019-12-18 21:39:48 #5 type] 
Type pliki_java.Klient is not enhanced.

------------------------------------------------------------------------------------------------------------------------

[2019-12-18 21:40:14 #1 store] 
Database 'C:\Users\Huber\Desktop\TO_Hubert_Wasik_ObiektowaBazaDanych\src\db\bazaDanychGabinetu.odb' is opened by 27220@DESKTOP-JITKCKO

[2019-12-18 21:40:14 #2 store] 
Configuration path: ?

[2019-12-18 21:40:14 #3 type] 
Type pliki_java.Kontakt is not enhanced.

[2019-12-18 21:40:14 #4 type] 
Type pliki_java.Uzytkownik is not enhanced.

[2019-12-18 21:40:14 #5 type] 
Type pliki_java.Klient is not enhanced.

------------------------------------------------------------------------------------------------------------------------

[2019-12-18 21:40:51 #1 store] 
Database 'C:\Users\Huber\Desktop\TO_Hubert_Wasik_ObiektowaBazaDanych\src\db\bazaDanychGabinetu.odb' is opened by 26116@DESKTOP-JITKCKO

[2019-12-18 21:40:51 #2 store] 
Configuration path: ?

[2019-12-18 21:40:51 #3 type] 
Type pliki_java.Kontakt is not enhanced.

[2019-12-18 21:40:51 #4 type] 
Type pliki_java.Uzytkownik is not enhanced.

[2019-12-18 21:40:51 #5 type] 
Type pliki_java.Klient is not enhanced.

------------------------------------------------------------------------------------------------------------------------

[2019-12-18 21:41:15 #1 store] 
Database 'C:\Users\Huber\Desktop\TO_Hubert_Wasik_ObiektowaBazaDanych\src\db\bazaDanychGabinetu.odb' is opened by 17912@DESKTOP-JITKCKO

[2019-12-18 21:41:15 #2 store] 
Configuration path: ?

[2019-12-18 21:41:15 #3 type] 
Type pliki_java.Kontakt is not enhanced.

[2019-12-18 21:41:15 #4 type] 
Type pliki_java.Uzytkownik is not enhanced.

[2019-12-18 21:41:15 #5 type] 
Type pliki_java.Klient is not enhanced.

------------------------------------------------------------------------------------------------------------------------

[2019-12-18 22:18:31 #1 store] 
Database 'C:\Users\Huber\Desktop\TO_Hubert_Wasik_ObiektowaBazaDanych\src\db\bazaDanychGabinetu.odb' is opened by 4504@DESKTOP-JITKCKO

[2019-12-18 22:18:31 #2 store] 
Configuration path: ?

[2019-12-18 22:18:31 #3 type] 
Type pliki_java.Kontakt is not enhanced.

[2019-12-18 22:18:31 #4 type] 
Type pliki_java.Uzytkownik is not enhanced.

[2019-12-18 22:18:31 #5 type] 
Type pliki_java.Klient is not enhanced.

------------------------------------------------------------------------------------------------------------------------

[2019-12-18 22:18:53 #1 store] 
Database 'C:\Users\Huber\Desktop\TO_Hubert_Wasik_ObiektowaBazaDanych\src\db\bazaDanychGabinetu.odb' is opened by 16660@DESKTOP-JITKCKO

[2019-12-18 22:18:53 #2 store] 
Configuration path: ?

[2019-12-18 22:18:53 #3 type.registry] 
New type pliki_java.Kontakt

[2019-12-18 22:18:53 #4 type] 
Type pliki_java.Kontakt is not enhanced.

[2019-12-18 22:18:53 #5 type.registry] 
New type pliki_java.Uzytkownik

[2019-12-18 22:18:53 #6 type.registry] 
New type pliki_java.Klient

[2019-12-18 22:18:53 #7 type] 
Type pliki_java.Uzytkownik is not enhanced.

[2019-12-18 22:18:53 #8 type] 
Type pliki_java.Klient is not enhanced.

[2019-12-18 22:18:53 #9 type.registry] 
New type pliki_java.Klient$StatusKlienta

[2019-12-18 22:18:53 #10 type.registry] 
New type pliki_java.Ksiazeczka_Zdrowia

[2019-12-18 22:18:53 #11 type] 
Type pliki_java.Ksiazeczka_Zdrowia is not enhanced.

[2019-12-18 22:18:53 #12 type.registry] 
New type pliki_java.Pracownik

[2019-12-18 22:18:53 #13 type] 
Type pliki_java.Pracownik is not enhanced.

[2019-12-18 22:18:53 #14 type.registry] 
New type pliki_java.Pracownik$StopienWyksztalcenia

------------------------------------------------------------------------------------------------------------------------

[2019-12-18 22:20:50 #1 store] 
Database 'C:\Users\Huber\Desktop\TO_Hubert_Wasik_ObiektowaBazaDanych\src\db\bazaDanychGabinetu.odb' has been recovered (tr. 1-7)

[2019-12-18 22:20:50 #2 store] 
Database 'C:\Users\Huber\Desktop\TO_Hubert_Wasik_ObiektowaBazaDanych\src\db\bazaDanychGabinetu.odb' is opened by 27148@DESKTOP-JITKCKO

[2019-12-18 22:20:50 #3 store] 
Configuration path: ?

[2019-12-18 22:20:50 #4 type] 
Type pliki_java.Kontakt is not enhanced.

[2019-12-18 22:20:50 #5 type] 
Type pliki_java.Uzytkownik is not enhanced.

[2019-12-18 22:20:50 #6 type] 
Type pliki_java.Klient is not enhanced.

[2019-12-18 22:20:50 #7 type] 
Type pliki_java.Ksiazeczka_Zdrowia is not enhanced.

[2019-12-18 22:20:50 #8 type] 
Type pliki_java.Pracownik is not enhanced.

------------------------------------------------------------------------------------------------------------------------

[2019-12-18 22:21:11 #1 store] 
Database 'C:\Users\Huber\Desktop\TO_Hubert_Wasik_ObiektowaBazaDanych\src\db\bazaDanychGabinetu.odb' is opened by 26664@DESKTOP-JITKCKO

[2019-12-18 22:21:11 #2 store] 
Configuration path: ?

[2019-12-18 22:21:11 #3 type] 
Type pliki_java.Kontakt is not enhanced.

[2019-12-18 22:21:11 #4 type] 
Type pliki_java.Uzytkownik is not enhanced.

[2019-12-18 22:21:11 #5 type] 
Type pliki_java.Klient is not enhanced.

[2019-12-18 22:21:11 #6 type] 
Type pliki_java.Ksiazeczka_Zdrowia is not enhanced.

[2019-12-18 22:21:11 #7 type] 
Type pliki_java.Pracownik is not enhanced.

------------------------------------------------------------------------------------------------------------------------

[2019-12-18 22:21:31 #1 store] 
Database 'C:\Users\Huber\Desktop\TO_Hubert_Wasik_ObiektowaBazaDanych\src\db\bazaDanychGabinetu.odb' is opened by 29408@DESKTOP-JITKCKO

[2019-12-18 22:21:31 #2 store] 
Configuration path: ?

[2019-12-18 22:21:31 #3 type] 
Type pliki_java.Kontakt is not enhanced.

[2019-12-18 22:21:31 #4 type] 
Type pliki_java.Uzytkownik is not enhanced.

[2019-12-18 22:21:31 #5 type] 
Type pliki_java.Klient is not enhanced.

[2019-12-18 22:21:31 #6 type] 
Type pliki_java.Ksiazeczka_Zdrowia is not enhanced.

[2019-12-18 22:21:31 #7 type] 
Type pliki_java.Pracownik is not enhanced.

------------------------------------------------------------------------------------------------------------------------

[2019-12-18 22:23:09 #1 store] 
Database 'C:\Users\Huber\Desktop\TO_Hubert_Wasik_ObiektowaBazaDanych\src\db\bazaDanychGabinetu.odb' is opened by 8188@DESKTOP-JITKCKO

[2019-12-18 22:23:09 #2 store] 
Configuration path: ?

[2019-12-18 22:23:09 #3 type.registry] 
New type pliki_java.Kontakt

[2019-12-18 22:23:09 #4 type] 
Type pliki_java.Kontakt is not enhanced.

[2019-12-18 22:23:09 #5 type.registry] 
New type pliki_java.Uzytkownik

[2019-12-18 22:23:09 #6 type.registry] 
New type pliki_java.Klient

[2019-12-18 22:23:09 #7 type] 
Type pliki_java.Uzytkownik is not enhanced.

[2019-12-18 22:23:09 #8 type] 
Type pliki_java.Klient is not enhanced.

[2019-12-18 22:23:09 #9 type.registry] 
New type pliki_java.Klient$StatusKlienta

[2019-12-18 22:23:09 #10 type.registry] 
New type pliki_java.Ksiazeczka_Zdrowia

[2019-12-18 22:23:09 #11 type] 
Type pliki_java.Ksiazeczka_Zdrowia is not enhanced.

[2019-12-18 22:23:09 #12 type.registry] 
New type pliki_java.Pracownik

[2019-12-18 22:23:09 #13 type] 
Type pliki_java.Pracownik is not enhanced.

[2019-12-18 22:23:09 #14 type.registry] 
New type pliki_java.Pracownik$StopienWyksztalcenia

